<?xml version="1.0" encoding="UTF-8"?><testrun name="SQLTest" project="app1" tests="1" started="1" failures="0" errors="1" ignored="0">
  <testsuite name="com.mweb.tests.SQLTest" time="0.027">
    <testcase name="testGetAllForecasts" classname="com.mweb.tests.SQLTest" time="0.027">
      <error>com.mockrunner.base.VerifyFailedException: Statement select * from  macs not executed.&#13;
	at com.mockrunner.jdbc.JDBCTestModule.verifySQLStatementExecuted(JDBCTestModule.java:612)&#13;
	at com.mockrunner.jdbc.BasicJDBCTestCaseAdapter.verifySQLStatementExecuted(BasicJDBCTestCaseAdapter.java:455)&#13;
	at com.mweb.tests.SQLTest.testGetAllForecasts(SQLTest.java:30)&#13;
	at sun.reflect.NativeMethodAccessorImpl.invoke0(Native Method)&#13;
	at sun.reflect.NativeMethodAccessorImpl.invoke(Unknown Source)&#13;
	at sun.reflect.DelegatingMethodAccessorImpl.invoke(Unknown Source)&#13;
	at java.lang.reflect.Method.invoke(Unknown Source)&#13;
	at junit.framework.TestCase.runTest(TestCase.java:154)&#13;
	at junit.framework.TestCase.runBare(TestCase.java:127)&#13;
	at junit.framework.TestResult$1.protect(TestResult.java:106)&#13;
	at junit.framework.TestResult.runProtected(TestResult.java:124)&#13;
	at junit.framework.TestResult.run(TestResult.java:109)&#13;
	at junit.framework.TestCase.run(TestCase.java:118)&#13;
	at junit.framework.TestSuite.runTest(TestSuite.java:208)&#13;
	at junit.framework.TestSuite.run(TestSuite.java:203)&#13;
	at org.eclipse.jdt.internal.junit.runner.junit3.JUnit3TestReference.run(JUnit3TestReference.java:131)&#13;
	at org.eclipse.jdt.internal.junit.runner.TestExecution.run(TestExecution.java:38)&#13;
	at org.eclipse.jdt.internal.junit.runner.RemoteTestRunner.runTests(RemoteTestRunner.java:467)&#13;
	at org.eclipse.jdt.internal.junit.runner.RemoteTestRunner.runTests(RemoteTestRunner.java:683)&#13;
	at org.eclipse.jdt.internal.junit.runner.RemoteTestRunner.run(RemoteTestRunner.java:390)&#13;
	at org.eclipse.jdt.internal.junit.runner.RemoteTestRunner.main(RemoteTestRunner.java:197)&#13;
&#13;
</error>
    </testcase>
  </testsuite>
</testrun>
